# JRE version: OpenJDK Runtime Environment AdoptOpenJDK (11.0.8+10) (build 11.0.8+10)
# Java VM: OpenJDK 64-Bit Server VM AdoptOpenJDK (11.0.8+10, mixed mode, tiered, compressed oops, g1 gc, windows-amd64)
Heap:
 garbage-first heap   total 256000K, used 73311K [0x00000000c1400000, 0x0000000100000000)
  region size 1024K, 52 young (53248K), 1 survivors (1024K)
 Metaspace       used 29475K, capacity 29751K, committed 29952K, reserved 1075200K
  class space    used 3140K, capacity 3216K, committed 3328K, reserved 1048576K
GC Heap History (20 events):
Event: 217.566 GC heap before
{Heap before GC invocations=176 (full 0):
 garbage-first heap   total 256000K, used 33377K [0x00000000c1400000, 0x0000000100000000)
  region size 1024K, 12 young (12288K), 1 survivors (1024K)
 Metaspace       used 29475K, capacity 29751K, committed 29952K, reserved 1075200K
  class space    used 3140K, capacity 3216K, committed 3328K, reserved 1048576K
}
Event: 217.567 GC heap after
{Heap after GC invocations=177 (full 0):
 garbage-first heap   total 256000K, used 22113K [0x00000000c1400000, 0x0000000100000000)
  region size 1024K, 1 young (1024K), 1 survivors (1024K)
 Metaspace       used 29475K, capacity 29751K, committed 29952K, reserved 1075200K
  class space    used 3140K, capacity 3216K, committed 3328K, reserved 1048576K
}
Event: 221.476 GC heap before
{Heap before GC invocations=177 (full 0):
 garbage-first heap   total 256000K, used 174689K [0x00000000c1400000, 0x0000000100000000)
  region size 1024K, 150 young (153600K), 1 survivors (1024K)
 Metaspace       used 29475K, capacity 29751K, committed 29952K, reserved 1075200K
  class space    used 3140K, capacity 3216K, committed 3328K, reserved 1048576K
}
Event: 221.762 GC heap after
{Heap after GC invocations=178 (full 0):
 garbage-first heap   total 256000K, used 22113K [0x00000000c1400000, 0x0000000100000000)
  region size 1024K, 1 young (1024K), 1 survivors (1024K)
 Metaspace       used 29475K, capacity 29751K, committed 29952K, reserved 1075200K
  class space    used 3140K, capacity 3216K, committed 3328K, reserved 1048576K
}
Event: 222.054 GC heap before
{Heap before GC invocations=178 (full 0):
 garbage-first heap   total 256000K, used 33377K [0x00000000c1400000, 0x0000000100000000)
  region size 1024K, 12 young (12288K), 1 survivors (1024K)
 Metaspace       used 29475K, capacity 29751K, committed 29952K, reserved 1075200K
  class space    used 3140K, capacity 3216K, committed 3328K, reserved 1048576K
}
Event: 222.055 GC heap after
{Heap after GC invocations=179 (full 0):
 garbage-first heap   total 256000K, used 22111K [0x00000000c1400000, 0x0000000100000000)
  region size 1024K, 1 young (1024K), 1 survivors (1024K)
 Metaspace       used 29475K, capacity 29751K, committed 29952K, reserved 1075200K
  class space    used 3140K, capacity 3216K, committed 3328K, reserved 1048576K
}
Event: 224.730 GC heap before
{Heap before GC invocations=179 (full 0):
 garbage-first heap   total 256000K, used 174687K [0x00000000c1400000, 0x0000000100000000)
  region size 1024K, 150 young (153600K), 1 survivors (1024K)
 Metaspace       used 29475K, capacity 29751K, committed 29952K, reserved 1075200K
  class space    used 3140K, capacity 3216K, committed 3328K, reserved 1048576K
}
Event: 224.730 GC heap after
{Heap after GC invocations=180 (full 0):
 garbage-first heap   total 256000K, used 22115K [0x00000000c1400000, 0x0000000100000000)
  region size 1024K, 1 young (1024K), 1 survivors (1024K)
 Metaspace       used 29475K, capacity 29751K, committed 29952K, reserved 1075200K
  class space    used 3140K, capacity 3216K, committed 3328K, reserved 1048576K
}
Event: 229.915 GC heap before
{Heap before GC invocations=180 (full 0):
 garbage-first heap   total 256000K, used 174691K [0x00000000c1400000, 0x0000000100000000)
  region size 1024K, 150 young (153600K), 1 survivors (1024K)
 Metaspace       used 29475K, capacity 29751K, committed 29952K, reserved 1075200K
  class space    used 3140K, capacity 3216K, committed 3328K, reserved 1048576K
}
Event: 229.916 GC heap after
{Heap after GC invocations=181 (full 0):
 garbage-first heap   total 256000K, used 22113K [0x00000000c1400000, 0x0000000100000000)
  region size 1024K, 1 young (1024K), 1 survivors (1024K)
 Metaspace       used 29475K, capacity 29751K, committed 29952K, reserved 1075200K
  class space    used 3140K, capacity 3216K, committed 3328K, reserved 1048576K
}
Event: 234.461 GC heap before
{Heap before GC invocations=181 (full 0):
 garbage-first heap   total 256000K, used 174689K [0x00000000c1400000, 0x0000000100000000)
  region size 1024K, 150 young (153600K), 1 survivors (1024K)
 Metaspace       used 29475K, capacity 29751K, committed 29952K, reserved 1075200K
  class space    used 3140K, capacity 3216K, committed 3328K, reserved 1048576K
}
Event: 234.462 GC heap after
{Heap after GC invocations=182 (full 0):
 garbage-first heap   total 256000K, used 22113K [0x00000000c1400000, 0x0000000100000000)
  region size 1024K, 1 young (1024K), 1 survivors (1024K)
 Metaspace       used 29475K, capacity 29751K, committed 29952K, reserved 1075200K
  class space    used 3140K, capacity 3216K, committed 3328K, reserved 1048576K
}
Event: 238.624 GC heap before
{Heap before GC invocations=182 (full 0):
 garbage-first heap   total 256000K, used 174689K [0x00000000c1400000, 0x0000000100000000)
  region size 1024K, 150 young (153600K), 1 survivors (1024K)
 Metaspace       used 29475K, capacity 29751K, committed 29952K, reserved 1075200K
  class space    used 3140K, capacity 3216K, committed 3328K, reserved 1048576K
}
Event: 238.625 GC heap after
{Heap after GC invocations=183 (full 0):
 garbage-first heap   total 256000K, used 22113K [0x00000000c1400000, 0x0000000100000000)
  region size 1024K, 1 young (1024K), 1 survivors (1024K)
 Metaspace       used 29475K, capacity 29751K, committed 29952K, reserved 1075200K
  class space    used 3140K, capacity 3216K, committed 3328K, reserved 1048576K
}
Event: 243.910 GC heap before
{Heap before GC invocations=183 (full 0):
 garbage-first heap   total 256000K, used 174689K [0x00000000c1400000, 0x0000000100000000)
  region size 1024K, 150 young (153600K), 1 survivors (1024K)
 Metaspace       used 29475K, capacity 29751K, committed 29952K, reserved 1075200K
  class space    used 3140K, capacity 3216K, committed 3328K, reserved 1048576K
}
Event: 243.912 GC heap after
{Heap after GC invocations=184 (full 0):
 garbage-first heap   total 256000K, used 22113K [0x00000000c1400000, 0x0000000100000000)
  region size 1024K, 1 young (1024K), 1 survivors (1024K)
 Metaspace       used 29475K, capacity 29751K, committed 29952K, reserved 1075200K
  class space    used 3140K, capacity 3216K, committed 3328K, reserved 1048576K
}
Event: 248.871 GC heap before
{Heap before GC invocations=184 (full 0):
 garbage-first heap   total 256000K, used 174689K [0x00000000c1400000, 0x0000000100000000)
  region size 1024K, 150 young (153600K), 1 survivors (1024K)
 Metaspace       used 29475K, capacity 29751K, committed 29952K, reserved 1075200K
  class space    used 3140K, capacity 3216K, committed 3328K, reserved 1048576K
}
Event: 248.872 GC heap after
{Heap after GC invocations=185 (full 0):
 garbage-first heap   total 256000K, used 22113K [0x00000000c1400000, 0x0000000100000000)
  region size 1024K, 1 young (1024K), 1 survivors (1024K)
 Metaspace       used 29475K, capacity 29751K, committed 29952K, reserved 1075200K
  class space    used 3140K, capacity 3216K, committed 3328K, reserved 1048576K
}
Event: 259.522 GC heap before
{Heap before GC invocations=185 (full 0):
 garbage-first heap   total 256000K, used 174689K [0x00000000c1400000, 0x0000000100000000)
  region size 1024K, 150 young (153600K), 1 survivors (1024K)
 Metaspace       used 29475K, capacity 29751K, committed 29952K, reserved 1075200K
  class space    used 3140K, capacity 3216K, committed 3328K, reserved 1048576K
}
Event: 259.523 GC heap after
{Heap after GC invocations=186 (full 0):
 garbage-first heap   total 256000K, used 22111K [0x00000000c1400000, 0x0000000100000000)
  region size 1024K, 1 young (1024K), 1 survivors (1024K)
 Metaspace       used 29475K, capacity 29751K, committed 29952K, reserved 1075200K
  class space    used 3140K, capacity 3216K, committed 3328K, reserved 1048576K
}

